
> my-performance-hub@0.0.0 dev
> concurrently "npm run dev:frontend" "npm run dev:backend"

[0] 
[0] > my-performance-hub@0.0.0 dev:frontend
[0] > vite
[0] 
[1] 
[1] > my-performance-hub@0.0.0 dev:backend
[1] > node backend/server.js
[1] 
[1] [dotenv@17.3.1] injecting env (4) from backend\.env -- tip: ⚙️  write to custom object with { processEnv: myObject }
[1] Backend listening on http://localhost:8787
[0] 
[0]   [32m[1mVITE[22m v6.4.1[39m  [2mready in [0m[1m461[22m[2m[0m ms[22m
[0] 
[0]   [32m➜[39m  [1mLocal[22m:   [36mhttp://localhost:[1m3000[22m/[39m
[0]   [32m➜[39m  [1mNetwork[22m: [36mhttp://192.168.31.27:[1m3000[22m/[39m
[0] [2m10:00:07 PM[22m [36m[1m[vite][22m[39m [90m[2m(client)[22m[39m [32mpage reload [39m[2mdist/index.html[22m
[0] [2m10:00:09 PM[22m [36m[1m[vite][22m[39m [90m[2m(client)[22m[39m [32mpage reload [39m[2mdist/index.html[22m
[0] [2m10:33:55 PM[22m [36m[1m[vite][22m[39m [90m[2m(client)[22m[39m [32mpage reload [39m[2mdist/index.html[22m
[0] [2m10:34:00 PM[22m [36m[1m[vite][22m[39m [90m[2m(client)[22m[39m [32mpage reload [39m[2mdist/index.html[22m
[0] [2m10:46:02 PM[22m [36m[1m[vite][22m[39m [90m[2m(client)[22m[39m [32mpage reload [39m[2mdist/index.html[22m
[0] [2m10:46:06 PM[22m [36m[1m[vite][22m[39m [90m[2m(client)[22m[39m [32mpage reload [39m[2mdist/index.html[22m
[0] [2m10:51:22 PM[22m [36m[1m[vite][22m[39m [90m[2m(client)[22m[39m [32mhmr update [39m[2m/App.tsx[22m
[0] [2m10:51:28 PM[22m [36m[1m[vite][22m[39m [90m[2m(client)[22m[39m [32mhmr update [39m[2m/components/GeminiAdvisor.tsx[22m
[0] [2m10:51:33 PM[22m [36m[1m[vite][22m[39m [90m[2m(client)[22m[39m [32mhmr update [39m[2m/App.tsx[22m
[0] [2m10:51:54 PM[22m [36m[1m[vite][22m[39m [90m[2m(client)[22m[39m [32mpage reload [39m[2mdist/index.html[22m
[0] [2m10:51:55 PM[22m [36m[1m[vite][22m[39m [90m[2m(client)[22m[39m [32mpage reload [39m[2mdist/index.html[22m
